<?xml version="1.0" encoding="UTF-8"?>
<testng-results ignored="0" total="1" passed="1" failed="0" skipped="0">
  <reporter-output>
  </reporter-output>
  <suite started-at="2025-04-09T20:06:20 IST" name="Suite" finished-at="2025-04-09T20:06:35 IST" duration-ms="14627">
    <groups>
    </groups>
    <test started-at="2025-04-09T20:06:20 IST" name="Test" finished-at="2025-04-09T20:06:35 IST" duration-ms="14627">
      <class name="regression.ValidateLoginUsingPOMDataProvider">
        <test-method is-config="true" signature="beforeTest()[pri:0, instance:regression.ValidateLoginUsingPOMDataProvider@71ba6d4e]" started-at="2025-04-09T20:06:20 IST" name="beforeTest" finished-at="2025-04-09T20:06:20 IST" duration-ms="266" status="PASS">
          <reporter-output>
          </reporter-output>
        </test-method> <!-- beforeTest -->
        <test-method is-config="true" signature="setUp(java.lang.reflect.Method)[pri:0, instance:regression.ValidateLoginUsingPOMDataProvider@71ba6d4e]" started-at="2025-04-09T20:06:21 IST" name="setUp" finished-at="2025-04-09T20:06:29 IST" duration-ms="8203" status="PASS">
          <params>
            <param index="0">
              <value>
                <![CDATA[public void regression.ValidateLoginUsingPOMDataProvider.validateLoginTest(java.util.HashMap)]]>
              </value>
            </param>
          </params>
          <reporter-output>
          </reporter-output>
        </test-method> <!-- setUp -->
        <test-method signature="validateLoginTest(java.util.HashMap)[pri:0, instance:regression.ValidateLoginUsingPOMDataProvider@71ba6d4e]" started-at="2025-04-09T20:06:29 IST" name="validateLoginTest" data-provider="getTestData" finished-at="2025-04-09T20:06:30 IST" duration-ms="1341" status="PASS">
          <params>
            <param index="0">
              <value>
                <![CDATA[{expTitle=Adactin.com - Search Hotel, password=reyaz123, username=reyaz0806}]]>
              </value>
            </param>
          </params>
          <reporter-output>
          </reporter-output>
        </test-method> <!-- validateLoginTest -->
        <test-method is-config="true" signature="teardown()[pri:0, instance:regression.ValidateLoginUsingPOMDataProvider@71ba6d4e]" started-at="2025-04-09T20:06:31 IST" name="teardown" finished-at="2025-04-09T20:06:34 IST" duration-ms="3340" status="PASS">
          <reporter-output>
          </reporter-output>
        </test-method> <!-- teardown -->
        <test-method is-config="true" signature="reportsEnd()[pri:0, instance:regression.ValidateLoginUsingPOMDataProvider@71ba6d4e]" started-at="2025-04-09T20:06:34 IST" name="reportsEnd" finished-at="2025-04-09T20:06:35 IST" duration-ms="604" status="PASS">
          <reporter-output>
          </reporter-output>
        </test-method> <!-- reportsEnd -->
      </class> <!-- regression.ValidateLoginUsingPOMDataProvider -->
    </test> <!-- Test -->
  </suite> <!-- Suite -->
</testng-results>
