<?xml version="1.0" encoding="UTF-8"?>
<testng-results ignored="0" total="1" passed="1" failed="0" skipped="0">
  <reporter-output>
  </reporter-output>
  <suite started-at="2025-03-27T19:33:56 IST" name="Suite" finished-at="2025-03-27T19:34:08 IST" duration-ms="11698">
    <groups>
    </groups>
    <test started-at="2025-03-27T19:33:56 IST" name="Test" finished-at="2025-03-27T19:34:08 IST" duration-ms="11698">
      <class name="regression.ValidateLoginUsingPOMDataProvider">
        <test-method is-config="true" signature="beforeTest()[pri:0, instance:regression.ValidateLoginUsingPOMDataProvider@7db12bb6]" started-at="2025-03-27T19:33:56 IST" name="beforeTest" finished-at="2025-03-27T19:33:57 IST" duration-ms="228" status="PASS">
          <reporter-output>
          </reporter-output>
        </test-method> <!-- beforeTest -->
        <test-method is-config="true" signature="setUp(java.lang.reflect.Method)[pri:0, instance:regression.ValidateLoginUsingPOMDataProvider@7db12bb6]" started-at="2025-03-27T19:33:57 IST" name="setUp" finished-at="2025-03-27T19:34:02 IST" duration-ms="4853" status="PASS">
          <params>
            <param index="0">
              <value>
                <![CDATA[public void regression.ValidateLoginUsingPOMDataProvider.validateLoginTest(java.util.HashMap)]]>
              </value>
            </param>
          </params>
          <reporter-output>
          </reporter-output>
        </test-method> <!-- setUp -->
        <test-method signature="validateLoginTest(java.util.HashMap)[pri:0, instance:regression.ValidateLoginUsingPOMDataProvider@7db12bb6]" started-at="2025-03-27T19:34:02 IST" name="validateLoginTest" data-provider="getTestData" finished-at="2025-03-27T19:34:04 IST" duration-ms="2056" status="PASS">
          <params>
            <param index="0">
              <value>
                <![CDATA[{expTitle=Adactin.com - Search Hotel, password=reyaz123, username=reyaz0806}]]>
              </value>
            </param>
          </params>
          <reporter-output>
          </reporter-output>
        </test-method> <!-- validateLoginTest -->
        <test-method is-config="true" signature="teardown()[pri:0, instance:regression.ValidateLoginUsingPOMDataProvider@7db12bb6]" started-at="2025-03-27T19:34:04 IST" name="teardown" finished-at="2025-03-27T19:34:08 IST" duration-ms="3359" status="PASS">
          <reporter-output>
          </reporter-output>
        </test-method> <!-- teardown -->
        <test-method is-config="true" signature="reportsEnd()[pri:0, instance:regression.ValidateLoginUsingPOMDataProvider@7db12bb6]" started-at="2025-03-27T19:34:08 IST" name="reportsEnd" finished-at="2025-03-27T19:34:08 IST" duration-ms="430" status="PASS">
          <reporter-output>
          </reporter-output>
        </test-method> <!-- reportsEnd -->
      </class> <!-- regression.ValidateLoginUsingPOMDataProvider -->
    </test> <!-- Test -->
  </suite> <!-- Suite -->
</testng-results>
